playBook/build/intermediates/manifest_merge_blame_file/debug/manifest-merger-blame-debug-report.txt
1<?xml version="1.0" encoding="utf-8"?>
2<manifest xmlns:android="http://schemas.android.com/apk/res/android"
3    package="com.cmdv.playbook" >
4
5    <uses-sdk android:minSdkVersion="24" />
6
7    <application>
7-->src/main/AndroidManifest.xml:4:5-10:19
8        <activity
8-->src/main/AndroidManifest.xml:5:9-9:54
9            android:name="com.samuraicmdv.playbook.PlayBookActivity"
9-->src/main/AndroidManifest.xml:6:13-69
10            android:exported="false"
10-->src/main/AndroidManifest.xml:7:13-37
11            android:label="@string/title_activity_play_book"
11-->src/main/AndroidManifest.xml:8:13-61
12            android:theme="@style/Theme.MobiStock" />
12-->src/main/AndroidManifest.xml:9:13-51
13    </application>
14
15</manifest>